mode: set
git.garena.com/sea-labs-id/bootcamp/batch-02/shared-projects/library-api/-/tree/ziad-rahmatullah/handler/book_handler.go:17.58,21.2 1 1
git.garena.com/sea-labs-id/bootcamp/batch-02/shared-projects/library-api/-/tree/ziad-rahmatullah/handler/book_handler.go:23.56,28.17 5 1
git.garena.com/sea-labs-id/bootcamp/batch-02/shared-projects/library-api/-/tree/ziad-rahmatullah/handler/book_handler.go:33.2,33.16 1 1
git.garena.com/sea-labs-id/bootcamp/batch-02/shared-projects/library-api/-/tree/ziad-rahmatullah/handler/book_handler.go:38.2,39.31 2 1
git.garena.com/sea-labs-id/bootcamp/batch-02/shared-projects/library-api/-/tree/ziad-rahmatullah/handler/book_handler.go:28.17,30.3 1 1
git.garena.com/sea-labs-id/bootcamp/batch-02/shared-projects/library-api/-/tree/ziad-rahmatullah/handler/book_handler.go:30.8,32.3 1 1
git.garena.com/sea-labs-id/bootcamp/batch-02/shared-projects/library-api/-/tree/ziad-rahmatullah/handler/book_handler.go:33.16,37.3 3 1
git.garena.com/sea-labs-id/bootcamp/batch-02/shared-projects/library-api/-/tree/ziad-rahmatullah/handler/book_handler.go:42.58,46.16 4 1
git.garena.com/sea-labs-id/bootcamp/batch-02/shared-projects/library-api/-/tree/ziad-rahmatullah/handler/book_handler.go:51.2,52.16 2 1
git.garena.com/sea-labs-id/bootcamp/batch-02/shared-projects/library-api/-/tree/ziad-rahmatullah/handler/book_handler.go:57.2,58.31 2 1
git.garena.com/sea-labs-id/bootcamp/batch-02/shared-projects/library-api/-/tree/ziad-rahmatullah/handler/book_handler.go:46.16,50.3 3 0
git.garena.com/sea-labs-id/bootcamp/batch-02/shared-projects/library-api/-/tree/ziad-rahmatullah/handler/book_handler.go:52.16,56.3 3 1
git.garena.com/sea-labs-id/bootcamp/batch-02/shared-projects/library-api/-/tree/ziad-rahmatullah/handler/borrow_handler.go:15.64,19.2 1 0
git.garena.com/sea-labs-id/bootcamp/batch-02/shared-projects/library-api/-/tree/ziad-rahmatullah/handler/borrow_handler.go:21.60,25.16 4 0
git.garena.com/sea-labs-id/bootcamp/batch-02/shared-projects/library-api/-/tree/ziad-rahmatullah/handler/borrow_handler.go:30.2,32.16 3 0
git.garena.com/sea-labs-id/bootcamp/batch-02/shared-projects/library-api/-/tree/ziad-rahmatullah/handler/borrow_handler.go:37.2,39.31 3 0
git.garena.com/sea-labs-id/bootcamp/batch-02/shared-projects/library-api/-/tree/ziad-rahmatullah/handler/borrow_handler.go:25.16,29.3 3 0
git.garena.com/sea-labs-id/bootcamp/batch-02/shared-projects/library-api/-/tree/ziad-rahmatullah/handler/borrow_handler.go:32.16,36.3 3 0
git.garena.com/sea-labs-id/bootcamp/batch-02/shared-projects/library-api/-/tree/ziad-rahmatullah/handler/user_handler.go:16.57,20.2 1 0
git.garena.com/sea-labs-id/bootcamp/batch-02/shared-projects/library-api/-/tree/ziad-rahmatullah/handler/user_handler.go:22.56,26.16 4 0
git.garena.com/sea-labs-id/bootcamp/batch-02/shared-projects/library-api/-/tree/ziad-rahmatullah/handler/user_handler.go:31.2,32.31 2 0
git.garena.com/sea-labs-id/bootcamp/batch-02/shared-projects/library-api/-/tree/ziad-rahmatullah/handler/user_handler.go:26.16,30.3 3 0
